cautotest_lib.client.common_lib.error
CmdError
p0
(S'sh "test/run.sh" "-l" "/usr/local/autotest/results/default/platform_Crouton/results" "w"'
p1
ccopy_reg
_reconstructor
p2
(cautotest_lib.client.common_lib.base_utils
CmdResult
p3
c__builtin__
object
p4
Ntp5
Rp6
(dp7
S'duration'
p8
F31587.163157939911
sS'command'
p9
g1
sS'stderr'
p10
S'Running tests in /usr/local/test-20141114155732 prefix\nLogging to /usr/local/autotest/results/default/platform_Crouton/results\nSystem: 6415.1.0 (Official Build) dev-channel daisy_spring test\nSupported releases: wheezy jessie sid kali precise trusty utopic\nDefault release for this run: utopic\n2014-11-14 15:57:32: BEGIN TEST w7-xfce.sid.0\n2014-11-14 15:57:33: BEGIN TEST w2-gnome.trusty.0\n2014-11-14 15:57:34: BEGIN TEST w6-xbmc.kali.0\n1870 [t] TEST PASSED: w6-xbmc.kali.0 finished with exit code 0\n2014-11-14 16:28:45: BEGIN TEST w2-gnome.precise.0\n2706 [t] TEST PASSED: w7-xfce.sid.0 finished with exit code 0\n2014-11-14 16:42:41: BEGIN TEST w3-kde.utopic.0\n2800 [t] TEST PASSED: w2-gnome.trusty.0 finished with exit code 0\n2014-11-14 16:44:17: BEGIN TEST w2-gnome.sid.0\n2302 [t] TEST PASSED: w2-gnome.precise.0 finished with exit code 0\n2014-11-14 17:07:09: BEGIN TEST w5-unity.jessie.0\n1658 [t] TEST PASSED: w2-gnome.sid.0 finished with exit code 0\n2014-11-14 17:11:57: BEGIN TEST w7-xfce.precise.0\n1011 [t] TEST PASSED: w7-xfce.precise.0 finished with exit code 0\n2014-11-14 17:28:50: BEGIN TEST w1-e17.wheezy.0\n1632 [t] TEST PASSED: w5-unity.jessie.0 finished with exit code 0\n2014-11-14 17:34:25: BEGIN TEST w7-xfce.wheezy.0\n3119 [t] TEST PASSED: w3-kde.utopic.0 finished with exit code 0\n2014-11-14 17:34:41: BEGIN TEST w4-lxde.wheezy.0\n871 [t] TEST PASSED: w1-e17.wheezy.0 finished with exit code 0\n2014-11-14 17:43:22: BEGIN TEST w7-xfce.trusty.0\n1776 [t] TEST PASSED: w4-lxde.wheezy.0 finished with exit code 0\n2014-11-14 18:04:19: BEGIN TEST w6-xbmc.jessie.0\n1409 [t] TEST PASSED: w7-xfce.trusty.0 finished with exit code 0\n2014-11-14 18:06:52: BEGIN TEST w4-lxde.jessie.0\n2106 [t] TEST PASSED: w7-xfce.wheezy.0 finished with exit code 0\n2014-11-14 18:09:32: BEGIN TEST w4-lxde.trusty.0\n894 [t] TEST FAILED: w6-xbmc.jessie.0 finished with exit code 1\n2014-11-14 18:19:16: BEGIN TEST w2-gnome.utopic.0\n1390 [t] TEST FAILED: w4-lxde.trusty.0 finished with exit code 1\n2014-11-14 18:32:45: BEGIN TEST w3-kde.jessie.0\n2457 [t] TEST FAILED: w4-lxde.jessie.0 finished with exit code 1\n2014-11-14 18:47:50: BEGIN TEST w2-gnome.wheezy.0\n1950 [t] TEST PASSED: w2-gnome.utopic.0 finished with exit code 0\n2014-11-14 18:51:48: BEGIN TEST w3-kde.kali.0\n1894 [t] TEST PASSED: w3-kde.jessie.0 finished with exit code 0\n2014-11-14 19:04:21: BEGIN TEST w4-lxde.sid.0\n1819 [t] TEST PASSED: w2-gnome.wheezy.0 finished with exit code 0\n2014-11-14 19:18:11: BEGIN TEST w5-unity.wheezy.0\n1739 [t] TEST PASSED: w3-kde.kali.0 finished with exit code 0\n2014-11-14 19:20:51: BEGIN TEST w6-xbmc.wheezy.0\n285 [t] TEST PASSED: w5-unity.wheezy.0 finished with exit code 0\n2014-11-14 19:22:58: BEGIN TEST w1-e17.utopic.0\n840 [t] TEST PASSED: w6-xbmc.wheezy.0 finished with exit code 0\n2014-11-14 19:34:53: BEGIN TEST w2-gnome.jessie.0\n2450 [t] TEST FAILED: w4-lxde.sid.0 finished with exit code 1\n2014-11-14 19:45:12: BEGIN TEST w1-e17.precise.0\n1469 [t] TEST PASSED: w1-e17.utopic.0 finished with exit code 0\n2014-11-14 19:47:29: BEGIN TEST w1-e17.jessie.0\n942 [t] TEST PASSED: w1-e17.precise.0 finished with exit code 0\n2014-11-14 20:00:56: BEGIN TEST w5-unity.kali.0\n232 [t] TEST PASSED: w5-unity.kali.0 finished with exit code 0\n2014-11-14 20:04:49: BEGIN TEST w5-unity.precise.0\n2222 [t] TEST PASSED: w2-gnome.jessie.0 finished with exit code 0\n2014-11-14 20:11:58: BEGIN TEST w7-xfce.utopic.0\n1603 [t] TEST PASSED: w1-e17.jessie.0 finished with exit code 0\n2014-11-14 20:14:14: BEGIN TEST w6-xbmc.utopic.0\n826 [t] TEST FAILED: w6-xbmc.utopic.0 finished with exit code 1\n2014-11-14 20:28:01: BEGIN TEST w1-e17.trusty.0\n1838 [t] TEST FAILED: w5-unity.precise.0 finished with exit code 1\n2014-11-14 20:35:29: BEGIN TEST w1-e17.sid.0\n1970 [t] TEST PASSED: w7-xfce.utopic.0 finished with exit code 0\n2014-11-14 20:44:49: BEGIN TEST w3-kde.trusty.0\n1244 [t] TEST PASSED: w1-e17.trusty.0 finished with exit code 0\n2014-11-14 20:48:47: BEGIN TEST w6-xbmc.precise.0\n1330 [t] TEST PASSED: w1-e17.sid.0 finished with exit code 0\n2014-11-14 20:57:40: BEGIN TEST w7-xfce.kali.0\n626 [t] TEST PASSED: w6-xbmc.precise.0 finished with exit code 0\n2014-11-14 20:59:14: BEGIN TEST w1-e17.kali.0\n193 [t] TEST PASSED: w1-e17.kali.0 finished with exit code 0\n2014-11-14 21:02:28: BEGIN TEST w4-lxde.kali.0\n1863 [t] TEST PASSED: w3-kde.trusty.0 finished with exit code 0\n2014-11-14 21:15:55: BEGIN TEST w6-xbmc.sid.0\n1850 [t] TEST PASSED: w7-xfce.kali.0 finished with exit code 0\n2014-11-14 21:28:31: BEGIN TEST w3-kde.precise.0\n849 [t] TEST FAILED: w6-xbmc.sid.0 finished with exit code 1\n2014-11-14 21:30:06: BEGIN TEST w7-xfce.jessie.0\n1807 [t] TEST PASSED: w4-lxde.kali.0 finished with exit code 0\n2014-11-14 21:32:38: BEGIN TEST w5-unity.trusty.0\n1354 [t] TEST PASSED: w3-kde.precise.0 finished with exit code 0\n2014-11-14 21:51:06: BEGIN TEST w4-lxde.precise.0\n1766 [t] TEST PASSED: w7-xfce.jessie.0 finished with exit code 0\n2014-11-14 21:59:34: BEGIN TEST w3-kde.wheezy.0\n1009 [t] TEST PASSED: w4-lxde.precise.0 finished with exit code 0\n2014-11-14 22:07:57: BEGIN TEST w3-kde.sid.0\n2936 [t] TEST PASSED: w5-unity.trusty.0 finished with exit code 0\n2014-11-14 22:21:36: BEGIN TEST w5-unity.sid.0\n1463 [t] TEST PASSED: w3-kde.wheezy.0 finished with exit code 0\n2014-11-14 22:23:59: BEGIN TEST w4-lxde.utopic.0\n327 [t] TEST PASSED: w5-unity.sid.0 finished with exit code 0\n2014-11-14 22:27:05: BEGIN TEST w5-unity.utopic.0\n1923 [t] TEST FAILED: w3-kde.sid.0 finished with exit code 1\n2014-11-14 22:40:02: BEGIN TEST w2-gnome.kali.0\n1710 [t] TEST PASSED: w4-lxde.utopic.0 finished with exit code 0\n2014-11-14 22:52:32: BEGIN TEST w6-xbmc.trusty.0\n793 [t] TEST PASSED: w6-xbmc.trusty.0 finished with exit code 0\n2014-11-14 23:05:46: BEGIN TEST w6-xbmc.jessie.1\n1718 [t] TEST PASSED: w2-gnome.kali.0 finished with exit code 0\n2014-11-14 23:08:43: BEGIN TEST w4-lxde.trusty.1\n2969 [t] TEST PASSED: w5-unity.utopic.0 finished with exit code 0\n2014-11-14 23:16:36: BEGIN TEST w4-lxde.jessie.1\n1015 [t] TEST FAILED: w6-xbmc.jessie.1 finished with exit code 1\n2014-11-14 23:22:42: BEGIN TEST w4-lxde.sid.1\n1508 [t] TEST PASSED: w4-lxde.trusty.1 finished with exit code 0\n2014-11-14 23:33:53: BEGIN TEST w6-xbmc.utopic.1\n932 [t] TEST FAILED: w6-xbmc.utopic.1 finished with exit code 1\n2014-11-14 23:49:27: BEGIN TEST w5-unity.precise.1\n2591 [t] TEST PASSED: w4-lxde.jessie.1 finished with exit code 0\n2014-11-14 23:59:50: BEGIN TEST w6-xbmc.sid.1\n2452 [t] TEST PASSED: w4-lxde.sid.1 finished with exit code 0\n2014-11-15 00:03:36: BEGIN TEST w3-kde.sid.1\n1030 [t] TEST FAILED: w6-xbmc.sid.1 finished with exit code 1\n2014-11-15 00:17:03: BEGIN TEST w6-xbmc.jessie.2\n2412 [t] TEST PASSED: w5-unity.precise.1 finished with exit code 0\n2014-11-15 00:29:40: BEGIN TEST w6-xbmc.utopic.2\n847 [t] TEST FAILED: w6-xbmc.jessie.2 finished with exit code 1\n2014-11-15 00:31:12: BEGIN TEST w6-xbmc.sid.2\n1952 [t] TEST PASSED: w3-kde.sid.1 finished with exit code 0\n700 [t] TEST FAILED: w6-xbmc.sid.2 finished with exit code 1\n851 [t] TEST FAILED: w6-xbmc.utopic.2 finished with exit code 1\n3 test(s) failed.\nCleaning up...\n'
p11
sS'exit_status'
p12
I1
sS'stdout'
p13
S''
p14
sbS'Command returned non-zero exit status'
p15
tp16
Rp17
(dp18
S'additional_text'
p19
g15
sg9
g1
sS'result_obj'
p20
g6
sb.