cautotest_lib.client.common_lib.error
CmdError
p0
(S'sh "test/run.sh" "-l" "/usr/local/autotest/results/default/platform_Crouton/results" "w"'
p1
ccopy_reg
_reconstructor
p2
(cautotest_lib.client.common_lib.base_utils
CmdResult
p3
c__builtin__
object
p4
Ntp5
Rp6
(dp7
S'duration'
p8
F30719.506902933121
sS'command'
p9
g1
sS'stderr'
p10
S'Running tests in /usr/local/test-20141114160443 prefix\nLogging to /usr/local/autotest/results/default/platform_Crouton/results\nSystem: 6158.70.0 (Official Build) dev-channel daisy test\nSupported releases: wheezy jessie sid kali precise trusty utopic\nDefault release for this run: kali\n2014-11-14 16:04:43: BEGIN TEST w1-e17.trusty.0\n2014-11-14 16:04:44: BEGIN TEST w5-unity.sid.0\n2014-11-14 16:04:45: BEGIN TEST w5-unity.jessie.0\n963 [t] TEST FAILED: w5-unity.jessie.0 finished with exit code 100\n2014-11-14 16:20:51: BEGIN TEST w5-unity.utopic.0\n978 [t] TEST FAILED: w5-unity.sid.0 finished with exit code 100\n2014-11-14 16:21:04: BEGIN TEST w2-gnome.jessie.0\n2341 [t] TEST PASSED: w1-e17.trusty.0 finished with exit code 0\n2014-11-14 16:43:48: BEGIN TEST w4-lxde.jessie.0\n2196 [t] TEST FAILED: w2-gnome.jessie.0 finished with exit code 100\n2014-11-14 16:57:42: BEGIN TEST w4-lxde.precise.0\n2175 [t] TEST FAILED: w4-lxde.jessie.0 finished with exit code 1\n2014-11-14 17:20:05: BEGIN TEST w6-xbmc.wheezy.0\n4163 [t] TEST PASSED: w5-unity.utopic.0 finished with exit code 0\n2014-11-14 17:30:15: BEGIN TEST w4-lxde.sid.0\n2094 [t] TEST PASSED: w4-lxde.precise.0 finished with exit code 0\n2014-11-14 17:32:38: BEGIN TEST w5-unity.precise.0\n1812 [t] TEST PASSED: w6-xbmc.wheezy.0 finished with exit code 0\n2014-11-14 17:50:19: BEGIN TEST w3-kde.utopic.0\n1615 [t] TEST PASSED: w5-unity.precise.0 finished with exit code 0\n2014-11-14 17:59:35: BEGIN TEST w3-kde.trusty.0\n1813 [t] TEST PASSED: w3-kde.utopic.0 finished with exit code 0\n2014-11-14 18:20:33: BEGIN TEST w1-e17.sid.0\n1588 [t] TEST PASSED: w3-kde.trusty.0 finished with exit code 0\n2014-11-14 18:26:05: BEGIN TEST w2-gnome.sid.0\n3763 [t] TEST PASSED: w4-lxde.sid.0 finished with exit code 0\n2014-11-14 18:33:02: BEGIN TEST w3-kde.jessie.0\n1587 [t] TEST PASSED: w1-e17.sid.0 finished with exit code 0\n2014-11-14 18:47:02: BEGIN TEST w7-xfce.jessie.0\n1808 [t] TEST PASSED: w3-kde.jessie.0 finished with exit code 0\n2014-11-14 19:03:12: BEGIN TEST w3-kde.kali.0\n2307 [t] TEST PASSED: w2-gnome.sid.0 finished with exit code 0\n2014-11-14 19:04:34: BEGIN TEST w3-kde.sid.0\n1855 [t] TEST PASSED: w7-xfce.jessie.0 finished with exit code 0\n2014-11-14 19:17:59: BEGIN TEST w6-xbmc.kali.0\n1452 [t] TEST PASSED: w3-kde.sid.0 finished with exit code 0\n2014-11-14 19:28:48: BEGIN TEST w3-kde.precise.0\n1261 [t] TEST PASSED: w6-xbmc.kali.0 finished with exit code 0\n2014-11-14 19:39:02: BEGIN TEST w1-e17.jessie.0\n2678 [t] TEST PASSED: w3-kde.kali.0 finished with exit code 0\n2014-11-14 19:47:51: BEGIN TEST w1-e17.wheezy.0\n1290 [t] TEST PASSED: w3-kde.precise.0 finished with exit code 0\n2014-11-14 19:50:20: BEGIN TEST w3-kde.wheezy.0\n294 [t] TEST PASSED: w1-e17.wheezy.0 finished with exit code 0\n2014-11-14 19:52:47: BEGIN TEST w6-xbmc.precise.0\n713 [t] TEST PASSED: w6-xbmc.precise.0 finished with exit code 0\n2014-11-14 20:04:41: BEGIN TEST w5-unity.wheezy.0\n1701 [t] TEST PASSED: w1-e17.jessie.0 finished with exit code 0\n2014-11-14 20:07:26: BEGIN TEST w7-xfce.trusty.0\n308 [t] TEST PASSED: w5-unity.wheezy.0 finished with exit code 0\n2014-11-14 20:09:51: BEGIN TEST w1-e17.precise.0\n1468 [t] TEST PASSED: w3-kde.wheezy.0 finished with exit code 0\n2014-11-14 20:14:50: BEGIN TEST w7-xfce.wheezy.0\n896 [t] TEST PASSED: w1-e17.precise.0 finished with exit code 0\n2014-11-14 20:24:49: BEGIN TEST w5-unity.trusty.0\n1723 [t] TEST PASSED: w7-xfce.trusty.0 finished with exit code 0\n2014-11-14 20:36:11: BEGIN TEST w5-unity.kali.0\n166 [t] TEST PASSED: w5-unity.kali.0 finished with exit code 0\n2014-11-14 20:38:59: BEGIN TEST w4-lxde.kali.0\n1593 [t] TEST PASSED: w7-xfce.wheezy.0 finished with exit code 0\n2014-11-14 20:41:24: BEGIN TEST w4-lxde.trusty.0\n1322 [t] TEST PASSED: w4-lxde.kali.0 finished with exit code 0\n2014-11-14 21:01:02: BEGIN TEST w6-xbmc.trusty.0\n1342 [t] TEST PASSED: w4-lxde.trusty.0 finished with exit code 0\n2014-11-14 21:03:48: BEGIN TEST w2-gnome.utopic.0\n2624 [t] TEST PASSED: w5-unity.trusty.0 finished with exit code 0\n2014-11-14 21:08:34: BEGIN TEST w7-xfce.precise.0\n854 [t] TEST PASSED: w6-xbmc.trusty.0 finished with exit code 0\n2014-11-14 21:15:18: BEGIN TEST w6-xbmc.jessie.0\n1100 [t] TEST FAILED: w7-xfce.precise.0 finished with exit code 1\n2014-11-14 21:26:56: BEGIN TEST w1-e17.kali.0\n851 [t] TEST FAILED: w6-xbmc.jessie.0 finished with exit code 1\n2014-11-14 21:29:31: BEGIN TEST w2-gnome.precise.0\n286 [t] TEST PASSED: w1-e17.kali.0 finished with exit code 0\n2014-11-14 21:31:44: BEGIN TEST w4-lxde.utopic.0\n1950 [t] TEST PASSED: w2-gnome.utopic.0 finished with exit code 0\n2014-11-14 21:36:20: BEGIN TEST w2-gnome.kali.0\n1193 [t] TEST FAILED: w2-gnome.precise.0 finished with exit code 1\n2014-11-14 21:49:26: BEGIN TEST w7-xfce.sid.0\n1829 [t] TEST PASSED: w4-lxde.utopic.0 finished with exit code 0\n2014-11-14 22:02:15: BEGIN TEST w4-lxde.wheezy.0\n1782 [t] TEST PASSED: w2-gnome.kali.0 finished with exit code 0\n2014-11-14 22:06:04: BEGIN TEST w6-xbmc.utopic.0\n1901 [t] TEST PASSED: w7-xfce.sid.0 finished with exit code 0\n2014-11-14 22:21:08: BEGIN TEST w7-xfce.kali.0\n1056 [t] TEST FAILED: w6-xbmc.utopic.0 finished with exit code 1\n2014-11-14 22:23:41: BEGIN TEST w1-e17.utopic.0\n1464 [t] TEST PASSED: w4-lxde.wheezy.0 finished with exit code 0\n2014-11-14 22:26:41: BEGIN TEST w7-xfce.utopic.0\n1372 [t] TEST PASSED: w1-e17.utopic.0 finished with exit code 0\n2014-11-14 22:46:34: BEGIN TEST w2-gnome.trusty.0\n1776 [t] TEST PASSED: w7-xfce.kali.0 finished with exit code 0\n2014-11-14 22:50:46: BEGIN TEST w6-xbmc.sid.0\n288 [t] TEST FAILED: w2-gnome.trusty.0 finished with exit code 100\n2014-11-14 22:51:24: BEGIN TEST w2-gnome.wheezy.0\n1794 [t] TEST PASSED: w7-xfce.utopic.0 finished with exit code 0\n2014-11-14 22:56:36: BEGIN TEST w5-unity.jessie.1\n297 [t] TEST PASSED: w5-unity.jessie.1 finished with exit code 0\n2014-11-14 23:01:34: BEGIN TEST w5-unity.sid.1\n260 [t] TEST PASSED: w5-unity.sid.1 finished with exit code 0\n2014-11-14 23:05:56: BEGIN TEST w2-gnome.jessie.1\n1221 [t] TEST FAILED: w6-xbmc.sid.0 finished with exit code 1\n2014-11-14 23:11:08: BEGIN TEST w4-lxde.jessie.1\n2008 [t] TEST PASSED: w2-gnome.wheezy.0 finished with exit code 0\n2014-11-14 23:24:54: BEGIN TEST w7-xfce.precise.1\n1054 [t] TEST PASSED: w7-xfce.precise.1 finished with exit code 0\n2014-11-14 23:42:29: BEGIN TEST w6-xbmc.jessie.1\n2392 [t] TEST PASSED: w2-gnome.jessie.1 finished with exit code 0\n2014-11-14 23:45:49: BEGIN TEST w2-gnome.precise.1\n2634 [t] TEST PASSED: w4-lxde.jessie.1 finished with exit code 0\n2014-11-14 23:55:05: BEGIN TEST w6-xbmc.utopic.1\n1074 [t] TEST FAILED: w6-xbmc.jessie.1 finished with exit code 1\n2014-11-15 00:00:24: BEGIN TEST w2-gnome.trusty.1\n1255 [t] TEST PASSED: w2-gnome.precise.1 finished with exit code 0\n2014-11-15 00:06:46: BEGIN TEST w6-xbmc.sid.1\n1037 [t] TEST FAILED: w6-xbmc.utopic.1 finished with exit code 1\n2014-11-15 00:12:24: BEGIN TEST w6-xbmc.jessie.2\n808 [t] TEST FAILED: w6-xbmc.sid.1 finished with exit code 1\n2014-11-15 00:20:16: BEGIN TEST w6-xbmc.utopic.2\n861 [t] TEST FAILED: w6-xbmc.jessie.2 finished with exit code 1\n2014-11-15 00:26:47: BEGIN TEST w6-xbmc.sid.2\n1750 [t] TEST PASSED: w2-gnome.trusty.1 finished with exit code 0\n845 [t] TEST FAILED: w6-xbmc.utopic.2 finished with exit code 1\n584 [t] TEST FAILED: w6-xbmc.sid.2 finished with exit code 1\n3 test(s) failed.\nCleaning up...\n'
p11
sS'exit_status'
p12
I1
sS'stdout'
p13
S''
p14
sbS'Command returned non-zero exit status'
p15
tp16
Rp17
(dp18
S'additional_text'
p19
g15
sg9
g1
sS'result_obj'
p20
g6
sb.